pg_restore: connecting to database for restore
pg_restore: executing SELECT pg_catalog.set_config('search_path', '', false);
pg_restore: dropping FK CONSTRAINT Todo Todo_calendarId_fkey
pg_restore: dropping FK CONSTRAINT ShareToken ShareToken_calendarId_fkey
pg_restore: dropping FK CONSTRAINT Placement Placement_employeeId_fkey
pg_restore: dropping FK CONSTRAINT LaborDaily LaborDaily_eventId_fkey
pg_restore: dropping FK CONSTRAINT LaborDaily LaborDaily_employeeId_fkey
pg_restore: dropping FK CONSTRAINT InventoryTransfer InventoryTransfer_toLocationId_fkey
pg_restore: dropping FK CONSTRAINT InventoryTransfer InventoryTransfer_itemId_fkey
pg_restore: dropping FK CONSTRAINT InventoryTransfer InventoryTransfer_fromLocationId_fkey
pg_restore: dropping FK CONSTRAINT InventoryStock InventoryStock_locationId_fkey
pg_restore: dropping FK CONSTRAINT InventoryStock InventoryStock_itemId_fkey
pg_restore: dropping FK CONSTRAINT InventoryReturn InventoryReturn_toLocationId_fkey
pg_restore: dropping FK CONSTRAINT InventoryReturn InventoryReturn_checkoutId_fkey
pg_restore: dropping FK CONSTRAINT InventoryReservation InventoryReservation_itemId_fkey
pg_restore: dropping FK CONSTRAINT InventoryReservation InventoryReservation_eventId_fkey
pg_restore: dropping FK CONSTRAINT InventoryLedger InventoryLedger_toLocationId_fkey
pg_restore: dropping FK CONSTRAINT InventoryLedger InventoryLedger_itemId_fkey
pg_restore: dropping FK CONSTRAINT InventoryLedger InventoryLedger_fromLocationId_fkey
pg_restore: dropping FK CONSTRAINT InventoryItem InventoryItem_defaultLocationId_fkey
pg_restore: dropping FK CONSTRAINT InventoryItem InventoryItem_categoryId_fkey
pg_restore: dropping FK CONSTRAINT InventoryCheckout InventoryCheckout_toLocationId_fkey
pg_restore: dropping FK CONSTRAINT InventoryCheckout InventoryCheckout_toEventId_fkey
pg_restore: dropping FK CONSTRAINT InventoryCheckout InventoryCheckout_itemId_fkey
pg_restore: dropping FK CONSTRAINT InventoryCheckout InventoryCheckout_fromLocationId_fkey
pg_restore: dropping FK CONSTRAINT HourlyRate HourlyRate_employeeId_fkey
pg_restore: dropping FK CONSTRAINT Event Event_calendarId_fkey
pg_restore: dropping FK CONSTRAINT EventQuantity EventQuantity_payItemId_fkey
pg_restore: dropping FK CONSTRAINT EventQuantity EventQuantity_eventId_fkey
pg_restore: dropping FK CONSTRAINT EventAssignment EventAssignment_eventId_fkey
pg_restore: dropping FK CONSTRAINT EventAssignment EventAssignment_employeeId_fkey
pg_restore: dropping INDEX fdot_cutoffs_year_cutoff_date_key
pg_restore: dropping INDEX WeeklyReportRequest_week_vendor_idx
pg_restore: dropping INDEX Vehicle_status_idx
pg_restore: dropping INDEX Vehicle_nextService_idx
pg_restore: dropping INDEX UserSetting_userId_key
pg_restore: dropping INDEX Todo_calendarId_createdAt_idx
pg_restore: dropping INDEX Rfi_project_status_idx
pg_restore: dropping INDEX ReportFile_week_vendor_idx
pg_restore: dropping INDEX ReportFile_reportDate_vendor_idx
pg_restore: dropping INDEX PurchaseOrder_status_idx
pg_restore: dropping INDEX PurchaseOrder_poNumber_key
pg_restore: dropping INDEX Placement_placement_idx
pg_restore: dropping INDEX Placement_employeeId_dayKey_key
pg_restore: dropping INDEX Placement_dayKey_idx
pg_restore: dropping INDEX PayItem_number_key
pg_restore: dropping INDEX LaborDaily_unique_row
pg_restore: dropping INDEX LaborDaily_job_day_idx
pg_restore: dropping INDEX LaborDaily_employee_day_idx
pg_restore: dropping INDEX InventoryTransfer_status_idx
pg_restore: dropping INDEX InventoryTransfer_itemId_idx
pg_restore: dropping INDEX InventoryStock_locationId_idx
pg_restore: dropping INDEX InventoryStock_itemId_locationId_key
pg_restore: dropping INDEX InventoryReturn_checkoutId_idx
pg_restore: dropping INDEX InventoryReservation_itemId_neededAt_idx
pg_restore: dropping INDEX InventoryReservation_eventId_idx
pg_restore: dropping INDEX InventoryLocation_code_key
pg_restore: dropping INDEX InventoryLedger_itemId_at_idx
pg_restore: dropping INDEX InventoryItem_sku_key
pg_restore: dropping INDEX InventoryItem_name_idx
pg_restore: dropping INDEX InventoryItem_barcode_key
pg_restore: dropping INDEX InventoryCheckout_toEventId_idx
pg_restore: dropping INDEX InventoryCheckout_itemId_idx
pg_restore: dropping INDEX InventoryCategory_slug_key
pg_restore: dropping INDEX HourlyRate_employee_effective_date_key
pg_restore: dropping INDEX HourlyRate_effective_idx
pg_restore: dropping INDEX Holiday_date_countryCode_key
pg_restore: dropping INDEX Event_endsAt_idx
pg_restore: dropping INDEX Event_calendarId_startsAt_idx
pg_restore: dropping INDEX EventQuantity_payItemId_idx
pg_restore: dropping INDEX EventQuantity_eventId_idx
pg_restore: dropping INDEX EventAssignment_event_employee_day_key
pg_restore: dropping INDEX EventAssignment_event_day_idx
pg_restore: dropping INDEX EventAssignment_employee_day_idx
pg_restore: dropping INDEX DailyReportSnapshot_reportDate_vendor_idx
pg_restore: dropping INDEX Customer_name_key
pg_restore: dropping INDEX ChangeOrder_project_status_idx
pg_restore: dropping INDEX Certification_status_expires_idx
pg_restore: dropping INDEX users_sync_deleted_at_idx
pg_restore: dropping CONSTRAINT fdot_cutoffs fdot_cutoffs_pkey
pg_restore: dropping CONSTRAINT _prisma_migrations _prisma_migrations_pkey
pg_restore: dropping CONSTRAINT WeeklyReportRequest WeeklyReportRequest_pkey
pg_restore: dropping CONSTRAINT Vehicle Vehicle_pkey
pg_restore: dropping CONSTRAINT UserSetting UserSetting_pkey
pg_restore: dropping CONSTRAINT Todo Todo_pkey
pg_restore: dropping CONSTRAINT ShareToken ShareToken_pkey
pg_restore: dropping CONSTRAINT Rfi Rfi_pkey
pg_restore: dropping CONSTRAINT ReportFile ReportFile_pkey
pg_restore: dropping CONSTRAINT PurchaseOrder PurchaseOrder_pkey
pg_restore: dropping CONSTRAINT Placement Placement_pkey
pg_restore: dropping CONSTRAINT PayItem PayItem_pkey
pg_restore: dropping CONSTRAINT LaborDaily LaborDaily_pkey
pg_restore: dropping CONSTRAINT InventoryTransfer InventoryTransfer_pkey
pg_restore: dropping CONSTRAINT InventoryStock InventoryStock_pkey
pg_restore: dropping CONSTRAINT InventoryReturn InventoryReturn_pkey
pg_restore: dropping CONSTRAINT InventoryReservation InventoryReservation_pkey
pg_restore: dropping CONSTRAINT InventoryLocation InventoryLocation_pkey
pg_restore: dropping CONSTRAINT InventoryLedger InventoryLedger_pkey
pg_restore: dropping CONSTRAINT InventoryItem InventoryItem_pkey
pg_restore: dropping CONSTRAINT InventoryCheckout InventoryCheckout_pkey
pg_restore: dropping CONSTRAINT InventoryCategory InventoryCategory_pkey
pg_restore: dropping CONSTRAINT HourlyRate HourlyRate_pkey
pg_restore: dropping CONSTRAINT Holiday Holiday_pkey
pg_restore: dropping CONSTRAINT Event Event_pkey
pg_restore: dropping CONSTRAINT EventQuantity EventQuantity_pkey
pg_restore: dropping CONSTRAINT EventAssignment EventAssignment_pkey
pg_restore: dropping CONSTRAINT Employee Employee_pkey
pg_restore: dropping CONSTRAINT DailyReportSnapshot DailyReportSnapshot_pkey
pg_restore: dropping CONSTRAINT Customer Customer_pkey
pg_restore: dropping CONSTRAINT ChangeOrder ChangeOrder_pkey
pg_restore: dropping CONSTRAINT Certification Certification_pkey
pg_restore: dropping CONSTRAINT Calendar Calendar_pkey
pg_restore: dropping CONSTRAINT users_sync users_sync_pkey
pg_restore: dropping VIEW labor_daily_v
pg_restore: dropping TABLE fdot_cutoffs
pg_restore: dropping TABLE _prisma_migrations
pg_restore: dropping TABLE WeeklyReportRequest
pg_restore: dropping TABLE Vehicle
pg_restore: dropping TABLE UserSetting
pg_restore: dropping TABLE Todo
pg_restore: dropping TABLE ShareToken
pg_restore: dropping TABLE Rfi
pg_restore: dropping TABLE ReportFile
pg_restore: dropping TABLE PurchaseOrder
pg_restore: dropping TABLE Placement
pg_restore: dropping TABLE PayItem
pg_restore: dropping TABLE LaborDaily
pg_restore: dropping TABLE InventoryTransfer
pg_restore: dropping TABLE InventoryStock
pg_restore: dropping TABLE InventoryReturn
pg_restore: dropping TABLE InventoryReservation
pg_restore: dropping TABLE InventoryLocation
pg_restore: dropping TABLE InventoryLedger
pg_restore: dropping TABLE InventoryItem
pg_restore: dropping TABLE InventoryCheckout
pg_restore: dropping TABLE InventoryCategory
pg_restore: dropping TABLE HourlyRate
pg_restore: dropping TABLE Holiday
pg_restore: dropping TABLE EventQuantity
pg_restore: dropping TABLE EventAssignment
pg_restore: dropping TABLE Event
pg_restore: dropping TABLE Employee
pg_restore: dropping TABLE DailyReportSnapshot
pg_restore: dropping TABLE Customer
pg_restore: dropping TABLE ChangeOrder
pg_restore: dropping TABLE Certification
pg_restore: dropping TABLE Calendar
pg_restore: dropping TABLE users_sync
pg_restore: dropping TYPE WorkShift
pg_restore: dropping TYPE WeeklyStatus
pg_restore: dropping TYPE ShareRole
pg_restore: dropping TYPE ReportKind
pg_restore: dropping TYPE PlacementType
pg_restore: dropping TYPE InventoryLedgerReason
pg_restore: dropping TYPE InventoryCheckoutStatus
pg_restore: dropping TYPE EventType
pg_restore: dropping SCHEMA public
pg_restore: dropping SCHEMA neon_auth
pg_restore: creating SCHEMA "neon_auth"
pg_restore: creating SCHEMA "public"
pg_restore: creating COMMENT "SCHEMA public"
pg_restore: creating TYPE "public.EventType"
pg_restore: creating TYPE "public.InventoryCheckoutStatus"
pg_restore: creating TYPE "public.InventoryLedgerReason"
pg_restore: creating TYPE "public.PlacementType"
pg_restore: creating TYPE "public.ReportKind"
pg_restore: creating TYPE "public.ShareRole"
pg_restore: creating TYPE "public.WeeklyStatus"
pg_restore: creating TYPE "public.WorkShift"
pg_restore: creating TABLE "neon_auth.users_sync"
pg_restore: creating TABLE "public.Calendar"
pg_restore: creating TABLE "public.Certification"
pg_restore: creating TABLE "public.ChangeOrder"
pg_restore: creating TABLE "public.Customer"
pg_restore: creating TABLE "public.DailyReportSnapshot"
pg_restore: creating TABLE "public.Employee"
pg_restore: creating TABLE "public.Event"
pg_restore: creating TABLE "public.EventAssignment"
pg_restore: creating TABLE "public.EventQuantity"
pg_restore: creating TABLE "public.Holiday"
pg_restore: creating TABLE "public.HourlyRate"
pg_restore: creating TABLE "public.InventoryCategory"
pg_restore: creating TABLE "public.InventoryCheckout"
pg_restore: creating TABLE "public.InventoryItem"
pg_restore: creating TABLE "public.InventoryLedger"
pg_restore: creating TABLE "public.InventoryLocation"
pg_restore: creating TABLE "public.InventoryReservation"
pg_restore: creating TABLE "public.InventoryReturn"
pg_restore: creating TABLE "public.InventoryStock"
pg_restore: creating TABLE "public.InventoryTransfer"
pg_restore: creating TABLE "public.LaborDaily"
pg_restore: creating TABLE "public.PayItem"
pg_restore: creating TABLE "public.Placement"
pg_restore: creating TABLE "public.PurchaseOrder"
pg_restore: creating TABLE "public.ReportFile"
pg_restore: creating TABLE "public.Rfi"
pg_restore: creating TABLE "public.ShareToken"
pg_restore: creating TABLE "public.Todo"
pg_restore: creating TABLE "public.UserSetting"
pg_restore: creating TABLE "public.Vehicle"
pg_restore: creating TABLE "public.WeeklyReportRequest"
pg_restore: creating TABLE "public._prisma_migrations"
pg_restore: creating TABLE "public.fdot_cutoffs"
pg_restore: creating VIEW "public.labor_daily_v"
pg_restore: processing data for table "neon_auth.users_sync"
pg_restore: processing data for table "public.Calendar"
pg_restore: processing data for table "public.Certification"
pg_restore: processing data for table "public.ChangeOrder"
pg_restore: processing data for table "public.Customer"
pg_restore: processing data for table "public.DailyReportSnapshot"
pg_restore: processing data for table "public.Employee"
pg_restore: processing data for table "public.Event"
pg_restore: processing data for table "public.EventAssignment"
pg_restore: processing data for table "public.EventQuantity"
pg_restore: processing data for table "public.Holiday"
pg_restore: processing data for table "public.HourlyRate"
pg_restore: processing data for table "public.InventoryCategory"
pg_restore: processing data for table "public.InventoryCheckout"
pg_restore: processing data for table "public.InventoryItem"
pg_restore: processing data for table "public.InventoryLedger"
pg_restore: processing data for table "public.InventoryLocation"
pg_restore: processing data for table "public.InventoryReservation"
pg_restore: processing data for table "public.InventoryReturn"
pg_restore: processing data for table "public.InventoryStock"
pg_restore: processing data for table "public.InventoryTransfer"
pg_restore: processing data for table "public.LaborDaily"
pg_restore: processing data for table "public.PayItem"
pg_restore: processing data for table "public.Placement"
pg_restore: processing data for table "public.PurchaseOrder"
pg_restore: processing data for table "public.ReportFile"
pg_restore: processing data for table "public.Rfi"
pg_restore: processing data for table "public.ShareToken"
pg_restore: processing data for table "public.Todo"
pg_restore: processing data for table "public.UserSetting"
pg_restore: processing data for table "public.Vehicle"
pg_restore: processing data for table "public.WeeklyReportRequest"
pg_restore: processing data for table "public._prisma_migrations"
pg_restore: processing data for table "public.fdot_cutoffs"
pg_restore: creating CONSTRAINT "neon_auth.users_sync users_sync_pkey"
pg_restore: creating CONSTRAINT "public.Calendar Calendar_pkey"
pg_restore: creating CONSTRAINT "public.Certification Certification_pkey"
pg_restore: creating CONSTRAINT "public.ChangeOrder ChangeOrder_pkey"
pg_restore: creating CONSTRAINT "public.Customer Customer_pkey"
pg_restore: creating CONSTRAINT "public.DailyReportSnapshot DailyReportSnapshot_pkey"
pg_restore: creating CONSTRAINT "public.Employee Employee_pkey"
pg_restore: creating CONSTRAINT "public.EventAssignment EventAssignment_pkey"
pg_restore: creating CONSTRAINT "public.EventQuantity EventQuantity_pkey"
pg_restore: creating CONSTRAINT "public.Event Event_pkey"
pg_restore: creating CONSTRAINT "public.Holiday Holiday_pkey"
pg_restore: creating CONSTRAINT "public.HourlyRate HourlyRate_pkey"
pg_restore: creating CONSTRAINT "public.InventoryCategory InventoryCategory_pkey"
pg_restore: creating CONSTRAINT "public.InventoryCheckout InventoryCheckout_pkey"
pg_restore: creating CONSTRAINT "public.InventoryItem InventoryItem_pkey"
pg_restore: creating CONSTRAINT "public.InventoryLedger InventoryLedger_pkey"
pg_restore: creating CONSTRAINT "public.InventoryLocation InventoryLocation_pkey"
pg_restore: creating CONSTRAINT "public.InventoryReservation InventoryReservation_pkey"
pg_restore: creating CONSTRAINT "public.InventoryReturn InventoryReturn_pkey"
pg_restore: creating CONSTRAINT "public.InventoryStock InventoryStock_pkey"
pg_restore: creating CONSTRAINT "public.InventoryTransfer InventoryTransfer_pkey"
pg_restore: creating CONSTRAINT "public.LaborDaily LaborDaily_pkey"
pg_restore: creating CONSTRAINT "public.PayItem PayItem_pkey"
pg_restore: creating CONSTRAINT "public.Placement Placement_pkey"
pg_restore: creating CONSTRAINT "public.PurchaseOrder PurchaseOrder_pkey"
pg_restore: creating CONSTRAINT "public.ReportFile ReportFile_pkey"
pg_restore: creating CONSTRAINT "public.Rfi Rfi_pkey"
pg_restore: creating CONSTRAINT "public.ShareToken ShareToken_pkey"
pg_restore: creating CONSTRAINT "public.Todo Todo_pkey"
pg_restore: creating CONSTRAINT "public.UserSetting UserSetting_pkey"
pg_restore: creating CONSTRAINT "public.Vehicle Vehicle_pkey"
pg_restore: creating CONSTRAINT "public.WeeklyReportRequest WeeklyReportRequest_pkey"
pg_restore: creating CONSTRAINT "public._prisma_migrations _prisma_migrations_pkey"
pg_restore: creating CONSTRAINT "public.fdot_cutoffs fdot_cutoffs_pkey"
pg_restore: creating INDEX "neon_auth.users_sync_deleted_at_idx"
pg_restore: creating INDEX "public.Certification_status_expires_idx"
pg_restore: creating INDEX "public.ChangeOrder_project_status_idx"
pg_restore: creating INDEX "public.Customer_name_key"
pg_restore: creating INDEX "public.DailyReportSnapshot_reportDate_vendor_idx"
pg_restore: creating INDEX "public.EventAssignment_employee_day_idx"
pg_restore: creating INDEX "public.EventAssignment_event_day_idx"
pg_restore: creating INDEX "public.EventAssignment_event_employee_day_key"
pg_restore: creating INDEX "public.EventQuantity_eventId_idx"
pg_restore: creating INDEX "public.EventQuantity_payItemId_idx"
pg_restore: creating INDEX "public.Event_calendarId_startsAt_idx"
pg_restore: creating INDEX "public.Event_endsAt_idx"
pg_restore: creating INDEX "public.Holiday_date_countryCode_key"
pg_restore: creating INDEX "public.HourlyRate_effective_idx"
pg_restore: creating INDEX "public.HourlyRate_employee_effective_date_key"
pg_restore: creating INDEX "public.InventoryCategory_slug_key"
pg_restore: creating INDEX "public.InventoryCheckout_itemId_idx"
pg_restore: creating INDEX "public.InventoryCheckout_toEventId_idx"
pg_restore: creating INDEX "public.InventoryItem_barcode_key"
pg_restore: creating INDEX "public.InventoryItem_name_idx"
pg_restore: creating INDEX "public.InventoryItem_sku_key"
pg_restore: creating INDEX "public.InventoryLedger_itemId_at_idx"
pg_restore: creating INDEX "public.InventoryLocation_code_key"
pg_restore: creating INDEX "public.InventoryReservation_eventId_idx"
pg_restore: creating INDEX "public.InventoryReservation_itemId_neededAt_idx"
pg_restore: creating INDEX "public.InventoryReturn_checkoutId_idx"
pg_restore: creating INDEX "public.InventoryStock_itemId_locationId_key"
pg_restore: creating INDEX "public.InventoryStock_locationId_idx"
pg_restore: creating INDEX "public.InventoryTransfer_itemId_idx"
pg_restore: creating INDEX "public.InventoryTransfer_status_idx"
pg_restore: creating INDEX "public.LaborDaily_employee_day_idx"
pg_restore: creating INDEX "public.LaborDaily_job_day_idx"
pg_restore: creating INDEX "public.LaborDaily_unique_row"
pg_restore: creating INDEX "public.PayItem_number_key"
pg_restore: creating INDEX "public.Placement_dayKey_idx"
pg_restore: creating INDEX "public.Placement_employeeId_dayKey_key"
pg_restore: creating INDEX "public.Placement_placement_idx"
pg_restore: creating INDEX "public.PurchaseOrder_poNumber_key"
pg_restore: creating INDEX "public.PurchaseOrder_status_idx"
pg_restore: creating INDEX "public.ReportFile_reportDate_vendor_idx"
pg_restore: creating INDEX "public.ReportFile_week_vendor_idx"
pg_restore: creating INDEX "public.Rfi_project_status_idx"
pg_restore: creating INDEX "public.Todo_calendarId_createdAt_idx"
pg_restore: creating INDEX "public.UserSetting_userId_key"
pg_restore: creating INDEX "public.Vehicle_nextService_idx"
pg_restore: creating INDEX "public.Vehicle_status_idx"
pg_restore: creating INDEX "public.WeeklyReportRequest_week_vendor_idx"
pg_restore: creating INDEX "public.fdot_cutoffs_year_cutoff_date_key"
pg_restore: creating FK CONSTRAINT "public.EventAssignment EventAssignment_employeeId_fkey"
pg_restore: creating FK CONSTRAINT "public.EventAssignment EventAssignment_eventId_fkey"
pg_restore: creating FK CONSTRAINT "public.EventQuantity EventQuantity_eventId_fkey"
pg_restore: creating FK CONSTRAINT "public.EventQuantity EventQuantity_payItemId_fkey"
pg_restore: creating FK CONSTRAINT "public.Event Event_calendarId_fkey"
pg_restore: creating FK CONSTRAINT "public.HourlyRate HourlyRate_employeeId_fkey"
pg_restore: creating FK CONSTRAINT "public.InventoryCheckout InventoryCheckout_fromLocationId_fkey"
pg_restore: creating FK CONSTRAINT "public.InventoryCheckout InventoryCheckout_itemId_fkey"
pg_restore: creating FK CONSTRAINT "public.InventoryCheckout InventoryCheckout_toEventId_fkey"
pg_restore: creating FK CONSTRAINT "public.InventoryCheckout InventoryCheckout_toLocationId_fkey"
pg_restore: creating FK CONSTRAINT "public.InventoryItem InventoryItem_categoryId_fkey"
pg_restore: creating FK CONSTRAINT "public.InventoryItem InventoryItem_defaultLocationId_fkey"
pg_restore: creating FK CONSTRAINT "public.InventoryLedger InventoryLedger_fromLocationId_fkey"
pg_restore: creating FK CONSTRAINT "public.InventoryLedger InventoryLedger_itemId_fkey"
pg_restore: creating FK CONSTRAINT "public.InventoryLedger InventoryLedger_toLocationId_fkey"
pg_restore: creating FK CONSTRAINT "public.InventoryReservation InventoryReservation_eventId_fkey"
pg_restore: creating FK CONSTRAINT "public.InventoryReservation InventoryReservation_itemId_fkey"
pg_restore: creating FK CONSTRAINT "public.InventoryReturn InventoryReturn_checkoutId_fkey"
pg_restore: creating FK CONSTRAINT "public.InventoryReturn InventoryReturn_toLocationId_fkey"
pg_restore: creating FK CONSTRAINT "public.InventoryStock InventoryStock_itemId_fkey"
pg_restore: creating FK CONSTRAINT "public.InventoryStock InventoryStock_locationId_fkey"
pg_restore: creating FK CONSTRAINT "public.InventoryTransfer InventoryTransfer_fromLocationId_fkey"
pg_restore: creating FK CONSTRAINT "public.InventoryTransfer InventoryTransfer_itemId_fkey"
pg_restore: creating FK CONSTRAINT "public.InventoryTransfer InventoryTransfer_toLocationId_fkey"
pg_restore: creating FK CONSTRAINT "public.LaborDaily LaborDaily_employeeId_fkey"
pg_restore: creating FK CONSTRAINT "public.LaborDaily LaborDaily_eventId_fkey"
pg_restore: creating FK CONSTRAINT "public.Placement Placement_employeeId_fkey"
pg_restore: creating FK CONSTRAINT "public.ShareToken ShareToken_calendarId_fkey"
pg_restore: creating FK CONSTRAINT "public.Todo Todo_calendarId_fkey"
